 
New instance of bashtop version: 0.9.25 Pid: 29250
 
New instance of bashtop version: 0.9.25 Pid: 58775
 
New instance of bashtop version: 0.9.25 Pid: 58775
 
New instance of bashtop version: 0.9.25 Pid: 73642
 
New instance of bashtop version: 0.9.25 Pid: 10730
 
New instance of bashtop version: 0.9.25 Pid: 15303
 
New instance of bashtop version: 0.9.25 Pid: 17833
 
New instance of bashtop version: 0.9.25 Pid: 18763
22:39:46 ERROR: On line 3522 
22:39:48 ERROR: On line 3522 (MUTED!)
 
New instance of bashtop version: 0.9.25 Pid: 6912
 
New instance of bashtop version: 0.9.25 Pid: 88782
 
New instance of bashtop version: 0.9.25 Pid: 1712898
 
New instance of bashtop version: 0.9.25 Pid: 7311
 
New instance of bashtop version: 0.9.25 Pid: 4687
 
New instance of bashtop version: 0.9.25 Pid: 11670
 
New instance of bashtop version: 0.9.25 Pid: 1324
 
New instance of bashtop version: 0.9.25 Pid: 1288
/usr/bin/bashtop: line 4353: warning: command substitution: ignored null byte in input
 
New instance of bashtop version: 0.9.25 Pid: 1232
Terminated
14:26:38 ERROR: On line 628 
 
New instance of bashtop version: 0.9.25 Pid: 1205
 
New instance of bashtop version: 0.9.25 Pid: 1467
 
New instance of bashtop version: 0.9.25 Pid: 2677
